[0m15:27:45.050595 [debug] [MainThread]: Sending event: {'category': 'dbt', 'action': 'invocation', 'label': 'start', 'context': [<snowplow_tracker.self_describing_json.SelfDescribingJson object at 0x000002484BF0E3A0>, <snowplow_tracker.self_describing_json.SelfDescribingJson object at 0x000002484DE9E9A0>, <snowplow_tracker.self_describing_json.SelfDescribingJson object at 0x000002484DE9EA00>]}


============================== 15:27:45.050595 | 02f0e8b7-4ba2-41c0-b70c-dfd20217f475 ==============================
[0m15:27:45.050595 [info ] [MainThread]: Running with dbt=1.5.7
[0m15:27:45.050595 [debug] [MainThread]: running dbt with arguments {'printer_width': '80', 'indirect_selection': 'eager', 'log_cache_events': 'False', 'write_json': 'True', 'partial_parse': 'True', 'cache_selected_only': 'False', 'profiles_dir': 'C:\\Users\\pvenkatesh\\.dbt', 'version_check': 'True', 'warn_error': 'None', 'log_path': 'logs', 'fail_fast': 'False', 'debug': 'False', 'use_colors': 'True', 'use_experimental_parser': 'False', 'no_print': 'None', 'quiet': 'False', 'warn_error_options': 'WarnErrorOptions(include=[], exclude=[])', 'introspect': 'True', 'log_format': 'default', 'static_parser': 'True', 'target_path': 'None', 'send_anonymous_usage_stats': 'True'}
[0m15:27:45.071680 [debug] [MainThread]: Starter project path: c:\users\pvenkatesh\appdata\local\programs\python\python38\lib\site-packages\dbt\include\starter_project
[0m15:28:43.876662 [info ] [MainThread]: Profile dbt_github written to C:\Users\pvenkatesh\.dbt\profiles.yml using target's profile_template.yml and your supplied values. Run 'dbt debug' to validate the connection.
[0m15:28:43.876662 [info ] [MainThread]: 
Your new dbt project "dbt_github" was created!

For more information on how to configure the profiles.yml file,
please consult the dbt documentation here:

  https://docs.getdbt.com/docs/configure-your-profile

One more thing:

Need help? Don't hesitate to reach out to us via GitHub issues or on Slack:

  https://community.getdbt.com/

Happy modeling!

[0m15:28:43.891739 [debug] [MainThread]: Command `dbt init` succeeded at 15:28:43.891739 after 58.85 seconds
[0m15:28:43.891739 [debug] [MainThread]: Sending event: {'category': 'dbt', 'action': 'invocation', 'label': 'end', 'context': [<snowplow_tracker.self_describing_json.SelfDescribingJson object at 0x000002484BF0E3A0>, <snowplow_tracker.self_describing_json.SelfDescribingJson object at 0x000002484DED1430>, <snowplow_tracker.self_describing_json.SelfDescribingJson object at 0x000002484DED18B0>]}
[0m15:28:43.891739 [debug] [MainThread]: Flushing usage events
[0m15:28:54.846853 [debug] [MainThread]: Sending event: {'category': 'dbt', 'action': 'invocation', 'label': 'start', 'context': [<snowplow_tracker.self_describing_json.SelfDescribingJson object at 0x00000228D5225280>, <snowplow_tracker.self_describing_json.SelfDescribingJson object at 0x00000228D719E940>, <snowplow_tracker.self_describing_json.SelfDescribingJson object at 0x00000228D719E9A0>]}


============================== 15:28:54.846853 | 78cdad73-a04e-48f5-92b2-71643fbd3b15 ==============================
[0m15:28:54.846853 [info ] [MainThread]: Running with dbt=1.5.7
[0m15:28:54.846853 [debug] [MainThread]: running dbt with arguments {'printer_width': '80', 'indirect_selection': 'eager', 'write_json': 'True', 'log_cache_events': 'False', 'partial_parse': 'True', 'cache_selected_only': 'False', 'warn_error': 'None', 'debug': 'False', 'profiles_dir': 'C:\\Users\\pvenkatesh\\.dbt', 'log_path': 'logs', 'fail_fast': 'False', 'version_check': 'True', 'use_colors': 'True', 'use_experimental_parser': 'False', 'no_print': 'None', 'quiet': 'False', 'log_format': 'default', 'introspect': 'True', 'warn_error_options': 'WarnErrorOptions(include=[], exclude=[])', 'static_parser': 'True', 'target_path': 'None', 'send_anonymous_usage_stats': 'True'}
[0m15:28:54.846853 [info ] [MainThread]: dbt version: 1.5.7
[0m15:28:54.862523 [info ] [MainThread]: python version: 3.8.7rc1
[0m15:28:54.862523 [info ] [MainThread]: python path: c:\users\pvenkatesh\appdata\local\programs\python\python38\python.exe
[0m15:28:54.862523 [info ] [MainThread]: os info: Windows-10-10.0.22621-SP0
[0m15:28:54.862523 [info ] [MainThread]: Using profiles.yml file at C:\Users\pvenkatesh\.dbt\profiles.yml
[0m15:28:54.862523 [info ] [MainThread]: Using dbt_project.yml file at C:\Users\pvenkatesh\Desktop\Git_Folder\Docker_DBT\dbt_project.yml
[0m15:28:54.862523 [info ] [MainThread]: Configuration:
[0m15:28:56.583632 [info ] [MainThread]:   profiles.yml file [[32mOK found and valid[0m]
[0m15:28:56.583632 [info ] [MainThread]:   dbt_project.yml file [[31mERROR not found[0m]
[0m15:28:56.583632 [info ] [MainThread]: Required dependencies:
[0m15:28:56.583632 [debug] [MainThread]: Executing "git --help"
[0m15:28:56.655084 [debug] [MainThread]: STDOUT: "b"usage: git [-v | --version] [-h | --help] [-C <path>] [-c <name>=<value>]\n           [--exec-path[=<path>]] [--html-path] [--man-path] [--info-path]\n           [-p | --paginate | -P | --no-pager] [--no-replace-objects] [--bare]\n           [--git-dir=<path>] [--work-tree=<path>] [--namespace=<name>]\n           [--config-env=<name>=<envvar>] <command> [<args>]\n\nThese are common Git commands used in various situations:\n\nstart a working area (see also: git help tutorial)\n   clone     Clone a repository into a new directory\n   init      Create an empty Git repository or reinitialize an existing one\n\nwork on the current change (see also: git help everyday)\n   add       Add file contents to the index\n   mv        Move or rename a file, a directory, or a symlink\n   restore   Restore working tree files\n   rm        Remove files from the working tree and from the index\n\nexamine the history and state (see also: git help revisions)\n   bisect    Use binary search to find the commit that introduced a bug\n   diff      Show changes between commits, commit and working tree, etc\n   grep      Print lines matching a pattern\n   log       Show commit logs\n   show      Show various types of objects\n   status    Show the working tree status\n\ngrow, mark and tweak your common history\n   branch    List, create, or delete branches\n   commit    Record changes to the repository\n   merge     Join two or more development histories together\n   rebase    Reapply commits on top of another base tip\n   reset     Reset current HEAD to the specified state\n   switch    Switch branches\n   tag       Create, list, delete or verify a tag object signed with GPG\n\ncollaborate (see also: git help workflows)\n   fetch     Download objects and refs from another repository\n   pull      Fetch from and integrate with another repository or a local branch\n   push      Update remote refs along with associated objects\n\n'git help -a' and 'git help -g' list available subcommands and some\nconcept guides. See 'git help <command>' or 'git help <concept>'\nto read about a specific subcommand or concept.\nSee 'git help git' for an overview of the system.\n""
[0m15:28:56.655084 [debug] [MainThread]: STDERR: "b''"
[0m15:28:56.655084 [info ] [MainThread]:  - git [[32mOK found[0m]

[0m15:28:56.668107 [info ] [MainThread]: [31m1 check failed:[0m
[0m15:28:56.668107 [info ] [MainThread]: Could not load dbt_project.yml

[0m15:28:56.669650 [debug] [MainThread]: Command `dbt debug` failed at 15:28:56.669650 after 1.83 seconds
[0m15:28:56.671176 [debug] [MainThread]: Sending event: {'category': 'dbt', 'action': 'invocation', 'label': 'end', 'context': [<snowplow_tracker.self_describing_json.SelfDescribingJson object at 0x00000228D5225280>, <snowplow_tracker.self_describing_json.SelfDescribingJson object at 0x00000228D719EA00>, <snowplow_tracker.self_describing_json.SelfDescribingJson object at 0x00000228D719E8E0>]}
[0m15:28:56.671176 [debug] [MainThread]: Flushing usage events
